\BOOKMARK [1][-]{section.1}{Creating the ALU}{}% 1
\BOOKMARK [2][-]{subsection.1.1}{Errors Encountered}{section.1}% 2
\BOOKMARK [3][-]{subsubsection.1.1.1}{Compilation [20pt]}{subsection.1.1}% 3
\BOOKMARK [3][-]{subsubsection.1.1.2}{Optimization}{subsection.1.1}% 4
\BOOKMARK [3][-]{subsubsection.1.1.3}{Simulation}{subsection.1.1}% 5
\BOOKMARK [3][-]{subsubsection.1.1.4}{Logic}{subsection.1.1}% 6
\BOOKMARK [2][-]{subsection.1.2}{Architecture}{section.1}% 7
\BOOKMARK [3][-]{subsubsection.1.2.1}{Design for 32-bit ALU}{subsection.1.2}% 8
\BOOKMARK [3][-]{subsubsection.1.2.2}{Design for 1-bit ALU}{subsection.1.2}% 9
\BOOKMARK [2][-]{subsection.1.3}{ALU Operation Block Timings}{section.1}% 10
\BOOKMARK [1][-]{section.2}{Waveform Screenshots}{}% 11
\BOOKMARK [2][-]{subsection.2.1}{Arithmetic Operations}{section.2}% 12
\BOOKMARK [2][-]{subsection.2.2}{Arithmetic Round 1}{section.2}% 13
\BOOKMARK [2][-]{subsection.2.3}{Arithmetic Round 2}{section.2}% 14
\BOOKMARK [2][-]{subsection.2.4}{Arithmetic Round 3}{section.2}% 15
\BOOKMARK [2][-]{subsection.2.5}{Arithmetic Round 4}{section.2}% 16
\BOOKMARK [2][-]{subsection.2.6}{Logic Operations}{section.2}% 17
\BOOKMARK [2][-]{subsection.2.7}{Logic Round 1}{section.2}% 18
\BOOKMARK [2][-]{subsection.2.8}{Logic Round 2}{section.2}% 19
\BOOKMARK [2][-]{subsection.2.9}{Logic Round 3}{section.2}% 20
\BOOKMARK [2][-]{subsection.2.10}{Logic Round 4}{section.2}% 21
